2025-09-18 18:51:37,587 - INFO - logger - service.py:23 - Number of pages in document sample.pdf, 4
2025-09-18 18:51:54,975 - INFO - logger - service.py:23 - Number of pages in document [sample.pdf], [4]
2025-09-18 18:52:01,317 - INFO - logger - service.py:23 - Number of pages in document [sample.pdf], 4
2025-09-18 18:52:05,814 - INFO - logger - service.py:23 - Number of pages in document [sample.pdf], 4
2025-09-18 18:54:03,272 - INFO - logger - service.py:24 - Number of pages in document [res.pdf], 1
2025-09-18 18:54:14,089 - INFO - logger - service.py:24 - Number of pages in document [res.pdf], 1
2025-09-18 18:54:42,828 - INFO - logger - service.py:24 - Number of pages in document [res.pdf], 1
2025-09-18 18:54:54,134 - INFO - logger - service.py:24 - Number of pages in document [res.pdf], 1
2025-09-18 18:56:00,174 - INFO - logger - service.py:24 - Number of pages in document [res.pdf], 1
2025-09-18 18:56:56,433 - INFO - logger - service.py:24 - Number of pages in document [res.pdf], 1
2025-09-18 18:57:10,273 - INFO - logger - service.py:24 - Number of pages in document [res.pdf], 1
2025-09-18 18:57:26,896 - INFO - logger - service.py:24 - Number of pages in document [res.pdf], 1
2025-09-18 18:58:43,723 - INFO - logger - service.py:24 - Number of pages in document [res.pdf], 1
2025-09-18 19:00:53,365 - INFO - logger - service.py:24 - Number of pages in document [res.pdf], 1
2025-09-18 19:01:23,155 - INFO - logger - service.py:24 - Number of pages in document [res.pdf], 1
2025-09-18 19:01:40,765 - INFO - logger - service.py:24 - Number of pages in document [res.pdf], 1
2025-09-18 19:06:44,972 - INFO - __main__ - service.py:28 - Number of pages in document [res.pdf], 1
2025-09-18 19:08:59,375 - INFO - __main__ - service.py:31 - Number of pages in document [res.pdf], 1
2025-09-18 19:15:11,848 - INFO - __main__ - service.py:34 - Number of pages in document [res.pdf], 1
2025-09-18 19:18:11,061 - INFO - __main__ - service.py:34 - Number of pages in document [res.pdf], 1
2025-09-18 19:37:33,151 - INFO - __main__ - service.py:43 - Number of pages in document [res.pdf], 1
2025-09-18 19:38:22,376 - INFO - __main__ - service.py:43 - Number of pages in document [res.pdf], 1
2025-09-18 19:39:18,190 - INFO - __main__ - service.py:43 - Number of pages in document [res.pdf], 1
2025-09-18 19:42:07,941 - INFO - __main__ - service.py:42 - Number of pages in document [res.pdf], 1
2025-09-18 19:42:32,615 - INFO - __main__ - service.py:42 - Number of pages in document [res.pdf], 1
2025-09-18 19:42:46,896 - INFO - __main__ - service.py:42 - Number of pages in document [res.pdf], 1
2025-09-18 19:43:09,886 - INFO - __main__ - service.py:42 - Number of pages in document [res.pdf], 1
2025-09-18 19:45:46,920 - INFO - __main__ - service.py:44 - Number of pages in document [res.pdf], 1
2025-09-18 19:46:11,296 - INFO - __main__ - service.py:44 - Number of pages in document [res.pdf], 1
2025-09-18 19:46:49,615 - INFO - __main__ - service.py:42 - Number of pages in document [res.pdf], 1
2025-09-18 19:47:02,833 - INFO - __main__ - service.py:42 - Number of pages in document [res.pdf], 1
2025-09-18 19:55:49,121 - INFO - __main__ - service.py:51 - Number of pages in document [res.pdf], 1
2025-09-18 19:55:49,123 - INFO - __main__ - service.py:32 - Total chunks formed: 76
2025-09-18 19:59:54,678 - INFO - __main__ - service.py:52 - Number of pages in document [res.pdf], 1
2025-09-18 19:59:54,680 - INFO - __main__ - service.py:33 - Total chunks formed for [res.pdf]: 76
2025-09-18 20:00:23,517 - INFO - __main__ - service.py:52 - Number of pages in document [res.pdf], 1
2025-09-18 20:00:23,519 - INFO - __main__ - service.py:33 - Total chunks formed [res.pdf]: 76
2025-09-18 20:14:42,881 - INFO - __main__ - service.py:73 - Number of pages in document [res.pdf], 1
2025-09-18 20:14:42,883 - INFO - __main__ - service.py:53 - Total chunks formed [res.pdf]: 76
2025-09-18 20:17:07,126 - INFO - __main__ - service.py:74 - Number of pages in document [1.pdf], 1
2025-09-18 20:17:07,127 - INFO - __main__ - service.py:54 - Total chunks formed [1.pdf]: 1
2025-09-18 20:17:43,392 - INFO - __main__ - service.py:73 - Number of pages in document [1.pdf], 1
2025-09-18 20:17:43,393 - INFO - __main__ - service.py:53 - Total chunks formed [1.pdf]: 1
2025-09-18 20:18:14,695 - INFO - __main__ - service.py:73 - Number of pages in document [1.pdf], 1
2025-09-18 20:18:14,696 - INFO - __main__ - service.py:53 - Total chunks formed [1.pdf]: 1
2025-09-18 20:20:25,527 - INFO - __main__ - service.py:74 - Number of pages in document [1.pdf], 1
2025-09-18 20:20:25,527 - INFO - __main__ - service.py:53 - Total chunks formed [1.pdf]: 1
2025-09-18 20:20:25,528 - INFO - __main__ - service.py:54 - Chunks [1.pdf]
['Sample \nPDF 1']
---
2025-09-18 20:23:43,862 - INFO - __main__ - service.py:72 - Number of pages in document [1.pdf], 1
2025-09-18 20:24:01,168 - INFO - __main__ - service.py:72 - Number of pages in document [1.pdf], 1
2025-09-18 21:37:03,841 - INFO - __main__ - service.py:72 - Number of pages in document [1.pdf], 1
2025-09-18 21:39:17,202 - INFO - __main__ - service.py:72 - Number of pages in document [1.pdf], 1
2025-09-18 21:39:17,203 - INFO - __main__ - service.py:53 - Total chunks formed [1.pdf]: 1
2025-09-18 21:39:17,204 - INFO - __main__ - service.py:54 - Chunks [1.pdf]
['Sample \nPDF 1']
---
2025-09-18 21:40:46,986 - INFO - __main__ - service.py:72 - Number of pages in document [1.pdf], 1
2025-09-18 21:40:46,987 - INFO - __main__ - service.py:53 - Total chunks formed [1.pdf]: 34
2025-09-18 21:40:46,987 - INFO - __main__ - service.py:54 - Chunks [1.pdf]
['Sample PDF\nThis is a simple PDF ﬁle. Fun fun fun.', 'Lorem ipsum dolor sit amet, consectetuer adipiscing elit. Phasellus facilisis odio sed mi.', 'Curabitur suscipit. Nullam vel nisi. Etiam semper ipsum ut lectus. Proin aliquam, erat eget', 'pharetra commodo, eros mi condimentum quam, sed commodo justo quam ut velit.', 'Integer a erat. Cras laoreet ligula cursus enim. Aenean scelerisque velit et tellus.', 'Vestibulum dictum aliquet sem. Nulla facilisi. Vestibulum accumsan ante vitae elit. Nulla', 'erat dolor, blandit in, rutrum quis, semper pulvinar, enim. Nullam varius congue risus.', 'Vivamus sollicitudin, metus ut interdum eleifend, nisi tellus pellentesque elit, tristique', 'accumsan eros quam et risus. Suspendisse libero odio, mattis sit amet, aliquet eget,', 'hendrerit vel, nulla. Sed vitae augue. Aliquam erat volutpat. Aliquam feugiat vulputate nisl.', 'Suspendisse quis nulla pretium ante pretium mollis. Proin velit ligula, sagittis at, egestas a,', 'pulvinar quis, nisl.', 'Pellentesque sit amet lectus. Praesent pulvinar, nunc quis iaculis sagittis, justo quam', 'lobortis tortor, sed vestibulum dui metus venenatis est. Nunc cursus ligula. Nulla facilisi.', 'Phasellus ullamcorper consectetuer ante. Duis tincidunt, urna id condimentum luctus, nibh', 'ante vulputate sapien, id sagittis massa orci ut enim. Pellentesque vestibulum convallis', 'sem. Nulla consequat quam ut nisl. Nullam est. Curabitur tincidunt dapibus lorem. Proin', 'velit turpis, scelerisque sit amet, iaculis nec, rhoncus ac, ipsum. Phasellus lorem arcu,', 'feugiat eu, gravida eu, consequat molestie, ipsum. Nullam vel est ut ipsum volutpat', 'feugiat. Aenean pellentesque.', 'In mauris. Pellentesque dui nisi, iaculis eu, rhoncus in, venenatis ac, ante. Ut odio justo,', 'scelerisque vel, facilisis non, commodo a, pede. Cras nec massa sit amet tortor volutpat', 'varius. Donec lacinia, neque a luctus aliquet, pede massa imperdiet ante, at varius lorem', 'pede sed sapien. Fusce erat nibh, aliquet in, eleifend eget, commodo eget, erat. Fusce', 'consectetuer. Cras risus tortor, porttitor nec, tristique sed, convallis semper, eros. Fusce', 'vulputate ipsum a mauris. Phasellus mollis. Curabitur sed urna. Aliquam nec sapien non', 'nibh pulvinar convallis. Vivamus facilisis augue quis quam. Proin cursus aliquet metus.', 'Suspendisse lacinia. Nulla at tellus ac turpis eleifend scelerisque. Maecenas a pede vitae', 'enim commodo interdum. Donec odio. Sed sollicitudin dui vitae justo.', 'Morbi elit nunc, facilisis a, mollis a, molestie at, lectus. Suspendisse eget mauris eu tellus', 'molestie cursus. Duis ut magna at justo dignissim condimentum. Cum sociis natoque', 'penatibus et magnis dis parturient montes, nascetur ridiculus mus. Vivamus varius. Ut sit', 'amet diam suscipit mauris ornare aliquam. Sed varius. Duis arcu. Etiam tristique massa', 'eget dui. Phasellus congue. Aenean est erat, tincidunt eget, venenatis quis, commodo at, \nquam.']
---
2025-09-18 21:41:37,103 - INFO - __main__ - service.py:72 - Number of pages in document [1.pdf], 1
2025-09-18 21:41:37,105 - INFO - __main__ - service.py:53 - Total chunks formed [1.pdf]: 34
2025-09-18 21:41:37,105 - INFO - __main__ - service.py:54 - Chunks [1.pdf]
['Sample PDF\nThis is a simple PDF ﬁle. Fun fun fun.', 'Lorem ipsum dolor sit amet, consectetuer adipiscing elit. Phasellus facilisis odio sed mi.', 'Curabitur suscipit. Nullam vel nisi. Etiam semper ipsum ut lectus. Proin aliquam, erat eget', 'pharetra commodo, eros mi condimentum quam, sed commodo justo quam ut velit.', 'Integer a erat. Cras laoreet ligula cursus enim. Aenean scelerisque velit et tellus.', 'Vestibulum dictum aliquet sem. Nulla facilisi. Vestibulum accumsan ante vitae elit. Nulla', 'erat dolor, blandit in, rutrum quis, semper pulvinar, enim. Nullam varius congue risus.', 'Vivamus sollicitudin, metus ut interdum eleifend, nisi tellus pellentesque elit, tristique', 'accumsan eros quam et risus. Suspendisse libero odio, mattis sit amet, aliquet eget,', 'hendrerit vel, nulla. Sed vitae augue. Aliquam erat volutpat. Aliquam feugiat vulputate nisl.', 'Suspendisse quis nulla pretium ante pretium mollis. Proin velit ligula, sagittis at, egestas a,', 'pulvinar quis, nisl.', 'Pellentesque sit amet lectus. Praesent pulvinar, nunc quis iaculis sagittis, justo quam', 'lobortis tortor, sed vestibulum dui metus venenatis est. Nunc cursus ligula. Nulla facilisi.', 'Phasellus ullamcorper consectetuer ante. Duis tincidunt, urna id condimentum luctus, nibh', 'ante vulputate sapien, id sagittis massa orci ut enim. Pellentesque vestibulum convallis', 'sem. Nulla consequat quam ut nisl. Nullam est. Curabitur tincidunt dapibus lorem. Proin', 'velit turpis, scelerisque sit amet, iaculis nec, rhoncus ac, ipsum. Phasellus lorem arcu,', 'feugiat eu, gravida eu, consequat molestie, ipsum. Nullam vel est ut ipsum volutpat', 'feugiat. Aenean pellentesque.', 'In mauris. Pellentesque dui nisi, iaculis eu, rhoncus in, venenatis ac, ante. Ut odio justo,', 'scelerisque vel, facilisis non, commodo a, pede. Cras nec massa sit amet tortor volutpat', 'varius. Donec lacinia, neque a luctus aliquet, pede massa imperdiet ante, at varius lorem', 'pede sed sapien. Fusce erat nibh, aliquet in, eleifend eget, commodo eget, erat. Fusce', 'consectetuer. Cras risus tortor, porttitor nec, tristique sed, convallis semper, eros. Fusce', 'vulputate ipsum a mauris. Phasellus mollis. Curabitur sed urna. Aliquam nec sapien non', 'nibh pulvinar convallis. Vivamus facilisis augue quis quam. Proin cursus aliquet metus.', 'Suspendisse lacinia. Nulla at tellus ac turpis eleifend scelerisque. Maecenas a pede vitae', 'enim commodo interdum. Donec odio. Sed sollicitudin dui vitae justo.', 'Morbi elit nunc, facilisis a, mollis a, molestie at, lectus. Suspendisse eget mauris eu tellus', 'molestie cursus. Duis ut magna at justo dignissim condimentum. Cum sociis natoque', 'penatibus et magnis dis parturient montes, nascetur ridiculus mus. Vivamus varius. Ut sit', 'amet diam suscipit mauris ornare aliquam. Sed varius. Duis arcu. Etiam tristique massa', 'eget dui. Phasellus congue. Aenean est erat, tincidunt eget, venenatis quis, commodo at, \nquam.']
---
2025-09-18 21:43:32,796 - INFO - __main__ - service.py:72 - Number of pages in document [1.pdf], 1
2025-09-18 21:43:32,797 - INFO - __main__ - service.py:53 - Total chunks formed [1.pdf]: 34
2025-09-18 21:43:32,798 - INFO - __main__ - service.py:54 - Chunks [1.pdf]
['Sample PDF\nThis is a simple PDF ﬁle. Fun fun fun.', 'Lorem ipsum dolor sit amet, consectetuer adipiscing elit. Phasellus facilisis odio sed mi.', 'Curabitur suscipit. Nullam vel nisi. Etiam semper ipsum ut lectus. Proin aliquam, erat eget', 'pharetra commodo, eros mi condimentum quam, sed commodo justo quam ut velit.', 'Integer a erat. Cras laoreet ligula cursus enim. Aenean scelerisque velit et tellus.', 'Vestibulum dictum aliquet sem. Nulla facilisi. Vestibulum accumsan ante vitae elit. Nulla', 'erat dolor, blandit in, rutrum quis, semper pulvinar, enim. Nullam varius congue risus.', 'Vivamus sollicitudin, metus ut interdum eleifend, nisi tellus pellentesque elit, tristique', 'accumsan eros quam et risus. Suspendisse libero odio, mattis sit amet, aliquet eget,', 'hendrerit vel, nulla. Sed vitae augue. Aliquam erat volutpat. Aliquam feugiat vulputate nisl.', 'Suspendisse quis nulla pretium ante pretium mollis. Proin velit ligula, sagittis at, egestas a,', 'pulvinar quis, nisl.', 'Pellentesque sit amet lectus. Praesent pulvinar, nunc quis iaculis sagittis, justo quam', 'lobortis tortor, sed vestibulum dui metus venenatis est. Nunc cursus ligula. Nulla facilisi.', 'Phasellus ullamcorper consectetuer ante. Duis tincidunt, urna id condimentum luctus, nibh', 'ante vulputate sapien, id sagittis massa orci ut enim. Pellentesque vestibulum convallis', 'sem. Nulla consequat quam ut nisl. Nullam est. Curabitur tincidunt dapibus lorem. Proin', 'velit turpis, scelerisque sit amet, iaculis nec, rhoncus ac, ipsum. Phasellus lorem arcu,', 'feugiat eu, gravida eu, consequat molestie, ipsum. Nullam vel est ut ipsum volutpat', 'feugiat. Aenean pellentesque.', 'In mauris. Pellentesque dui nisi, iaculis eu, rhoncus in, venenatis ac, ante. Ut odio justo,', 'scelerisque vel, facilisis non, commodo a, pede. Cras nec massa sit amet tortor volutpat', 'varius. Donec lacinia, neque a luctus aliquet, pede massa imperdiet ante, at varius lorem', 'pede sed sapien. Fusce erat nibh, aliquet in, eleifend eget, commodo eget, erat. Fusce', 'consectetuer. Cras risus tortor, porttitor nec, tristique sed, convallis semper, eros. Fusce', 'vulputate ipsum a mauris. Phasellus mollis. Curabitur sed urna. Aliquam nec sapien non', 'nibh pulvinar convallis. Vivamus facilisis augue quis quam. Proin cursus aliquet metus.', 'Suspendisse lacinia. Nulla at tellus ac turpis eleifend scelerisque. Maecenas a pede vitae', 'enim commodo interdum. Donec odio. Sed sollicitudin dui vitae justo.', 'Morbi elit nunc, facilisis a, mollis a, molestie at, lectus. Suspendisse eget mauris eu tellus', 'molestie cursus. Duis ut magna at justo dignissim condimentum. Cum sociis natoque', 'penatibus et magnis dis parturient montes, nascetur ridiculus mus. Vivamus varius. Ut sit', 'amet diam suscipit mauris ornare aliquam. Sed varius. Duis arcu. Etiam tristique massa', 'eget dui. Phasellus congue. Aenean est erat, tincidunt eget, venenatis quis, commodo at, \nquam.']
---
2025-09-18 21:44:03,259 - INFO - __main__ - service.py:72 - Number of pages in document [1.pdf], 1
2025-09-18 21:44:03,260 - INFO - __main__ - service.py:53 - Total chunks formed [1.pdf]: 34
2025-09-18 21:44:03,260 - INFO - __main__ - service.py:54 - Chunks [1.pdf]
['Sample PDF\nThis is a simple PDF ﬁle. Fun fun fun.', 'Lorem ipsum dolor sit amet, consectetuer adipiscing elit. Phasellus facilisis odio sed mi.', 'Curabitur suscipit. Nullam vel nisi. Etiam semper ipsum ut lectus. Proin aliquam, erat eget', 'pharetra commodo, eros mi condimentum quam, sed commodo justo quam ut velit.', 'Integer a erat. Cras laoreet ligula cursus enim. Aenean scelerisque velit et tellus.', 'Vestibulum dictum aliquet sem. Nulla facilisi. Vestibulum accumsan ante vitae elit. Nulla', 'erat dolor, blandit in, rutrum quis, semper pulvinar, enim. Nullam varius congue risus.', 'Vivamus sollicitudin, metus ut interdum eleifend, nisi tellus pellentesque elit, tristique', 'accumsan eros quam et risus. Suspendisse libero odio, mattis sit amet, aliquet eget,', 'hendrerit vel, nulla. Sed vitae augue. Aliquam erat volutpat. Aliquam feugiat vulputate nisl.', 'Suspendisse quis nulla pretium ante pretium mollis. Proin velit ligula, sagittis at, egestas a,', 'pulvinar quis, nisl.', 'Pellentesque sit amet lectus. Praesent pulvinar, nunc quis iaculis sagittis, justo quam', 'lobortis tortor, sed vestibulum dui metus venenatis est. Nunc cursus ligula. Nulla facilisi.', 'Phasellus ullamcorper consectetuer ante. Duis tincidunt, urna id condimentum luctus, nibh', 'ante vulputate sapien, id sagittis massa orci ut enim. Pellentesque vestibulum convallis', 'sem. Nulla consequat quam ut nisl. Nullam est. Curabitur tincidunt dapibus lorem. Proin', 'velit turpis, scelerisque sit amet, iaculis nec, rhoncus ac, ipsum. Phasellus lorem arcu,', 'feugiat eu, gravida eu, consequat molestie, ipsum. Nullam vel est ut ipsum volutpat', 'feugiat. Aenean pellentesque.', 'In mauris. Pellentesque dui nisi, iaculis eu, rhoncus in, venenatis ac, ante. Ut odio justo,', 'scelerisque vel, facilisis non, commodo a, pede. Cras nec massa sit amet tortor volutpat', 'varius. Donec lacinia, neque a luctus aliquet, pede massa imperdiet ante, at varius lorem', 'pede sed sapien. Fusce erat nibh, aliquet in, eleifend eget, commodo eget, erat. Fusce', 'consectetuer. Cras risus tortor, porttitor nec, tristique sed, convallis semper, eros. Fusce', 'vulputate ipsum a mauris. Phasellus mollis. Curabitur sed urna. Aliquam nec sapien non', 'nibh pulvinar convallis. Vivamus facilisis augue quis quam. Proin cursus aliquet metus.', 'Suspendisse lacinia. Nulla at tellus ac turpis eleifend scelerisque. Maecenas a pede vitae', 'enim commodo interdum. Donec odio. Sed sollicitudin dui vitae justo.', 'Morbi elit nunc, facilisis a, mollis a, molestie at, lectus. Suspendisse eget mauris eu tellus', 'molestie cursus. Duis ut magna at justo dignissim condimentum. Cum sociis natoque', 'penatibus et magnis dis parturient montes, nascetur ridiculus mus. Vivamus varius. Ut sit', 'amet diam suscipit mauris ornare aliquam. Sed varius. Duis arcu. Etiam tristique massa', 'eget dui. Phasellus congue. Aenean est erat, tincidunt eget, venenatis quis, commodo at, \nquam.']
---
2025-09-18 21:44:31,894 - INFO - __main__ - service.py:72 - Number of pages in document [1.pdf], 1
2025-09-18 21:44:31,896 - INFO - __main__ - service.py:53 - Total chunks formed [1.pdf]: 34
2025-09-18 21:44:31,896 - INFO - __main__ - service.py:54 - Chunks [1.pdf]
['Sample PDF\nThis is a simple PDF ﬁle. Fun fun fun.', 'Lorem ipsum dolor sit amet, consectetuer adipiscing elit. Phasellus facilisis odio sed mi.', 'Curabitur suscipit. Nullam vel nisi. Etiam semper ipsum ut lectus. Proin aliquam, erat eget', 'pharetra commodo, eros mi condimentum quam, sed commodo justo quam ut velit.', 'Integer a erat. Cras laoreet ligula cursus enim. Aenean scelerisque velit et tellus.', 'Vestibulum dictum aliquet sem. Nulla facilisi. Vestibulum accumsan ante vitae elit. Nulla', 'erat dolor, blandit in, rutrum quis, semper pulvinar, enim. Nullam varius congue risus.', 'Vivamus sollicitudin, metus ut interdum eleifend, nisi tellus pellentesque elit, tristique', 'accumsan eros quam et risus. Suspendisse libero odio, mattis sit amet, aliquet eget,', 'hendrerit vel, nulla. Sed vitae augue. Aliquam erat volutpat. Aliquam feugiat vulputate nisl.', 'Suspendisse quis nulla pretium ante pretium mollis. Proin velit ligula, sagittis at, egestas a,', 'pulvinar quis, nisl.', 'Pellentesque sit amet lectus. Praesent pulvinar, nunc quis iaculis sagittis, justo quam', 'lobortis tortor, sed vestibulum dui metus venenatis est. Nunc cursus ligula. Nulla facilisi.', 'Phasellus ullamcorper consectetuer ante. Duis tincidunt, urna id condimentum luctus, nibh', 'ante vulputate sapien, id sagittis massa orci ut enim. Pellentesque vestibulum convallis', 'sem. Nulla consequat quam ut nisl. Nullam est. Curabitur tincidunt dapibus lorem. Proin', 'velit turpis, scelerisque sit amet, iaculis nec, rhoncus ac, ipsum. Phasellus lorem arcu,', 'feugiat eu, gravida eu, consequat molestie, ipsum. Nullam vel est ut ipsum volutpat', 'feugiat. Aenean pellentesque.', 'In mauris. Pellentesque dui nisi, iaculis eu, rhoncus in, venenatis ac, ante. Ut odio justo,', 'scelerisque vel, facilisis non, commodo a, pede. Cras nec massa sit amet tortor volutpat', 'varius. Donec lacinia, neque a luctus aliquet, pede massa imperdiet ante, at varius lorem', 'pede sed sapien. Fusce erat nibh, aliquet in, eleifend eget, commodo eget, erat. Fusce', 'consectetuer. Cras risus tortor, porttitor nec, tristique sed, convallis semper, eros. Fusce', 'vulputate ipsum a mauris. Phasellus mollis. Curabitur sed urna. Aliquam nec sapien non', 'nibh pulvinar convallis. Vivamus facilisis augue quis quam. Proin cursus aliquet metus.', 'Suspendisse lacinia. Nulla at tellus ac turpis eleifend scelerisque. Maecenas a pede vitae', 'enim commodo interdum. Donec odio. Sed sollicitudin dui vitae justo.', 'Morbi elit nunc, facilisis a, mollis a, molestie at, lectus. Suspendisse eget mauris eu tellus', 'molestie cursus. Duis ut magna at justo dignissim condimentum. Cum sociis natoque', 'penatibus et magnis dis parturient montes, nascetur ridiculus mus. Vivamus varius. Ut sit', 'amet diam suscipit mauris ornare aliquam. Sed varius. Duis arcu. Etiam tristique massa', 'eget dui. Phasellus congue. Aenean est erat, tincidunt eget, venenatis quis, commodo at, \nquam.']
---
2025-09-18 21:46:43,195 - INFO - __main__ - service.py:72 - Number of pages in document [1.pdf], 1
2025-09-18 21:46:43,196 - INFO - __main__ - service.py:53 - Total chunks formed [1.pdf]: 34
2025-09-18 21:46:43,196 - INFO - __main__ - service.py:54 - Chunks [1.pdf]
['Sample PDF\nThis is a simple PDF ﬁle. Fun fun fun.', 'Lorem ipsum dolor sit amet, consectetuer adipiscing elit. Phasellus facilisis odio sed mi.', 'Curabitur suscipit. Nullam vel nisi. Etiam semper ipsum ut lectus. Proin aliquam, erat eget', 'pharetra commodo, eros mi condimentum quam, sed commodo justo quam ut velit.', 'Integer a erat. Cras laoreet ligula cursus enim. Aenean scelerisque velit et tellus.', 'Vestibulum dictum aliquet sem. Nulla facilisi. Vestibulum accumsan ante vitae elit. Nulla', 'erat dolor, blandit in, rutrum quis, semper pulvinar, enim. Nullam varius congue risus.', 'Vivamus sollicitudin, metus ut interdum eleifend, nisi tellus pellentesque elit, tristique', 'accumsan eros quam et risus. Suspendisse libero odio, mattis sit amet, aliquet eget,', 'hendrerit vel, nulla. Sed vitae augue. Aliquam erat volutpat. Aliquam feugiat vulputate nisl.', 'Suspendisse quis nulla pretium ante pretium mollis. Proin velit ligula, sagittis at, egestas a,', 'pulvinar quis, nisl.', 'Pellentesque sit amet lectus. Praesent pulvinar, nunc quis iaculis sagittis, justo quam', 'lobortis tortor, sed vestibulum dui metus venenatis est. Nunc cursus ligula. Nulla facilisi.', 'Phasellus ullamcorper consectetuer ante. Duis tincidunt, urna id condimentum luctus, nibh', 'ante vulputate sapien, id sagittis massa orci ut enim. Pellentesque vestibulum convallis', 'sem. Nulla consequat quam ut nisl. Nullam est. Curabitur tincidunt dapibus lorem. Proin', 'velit turpis, scelerisque sit amet, iaculis nec, rhoncus ac, ipsum. Phasellus lorem arcu,', 'feugiat eu, gravida eu, consequat molestie, ipsum. Nullam vel est ut ipsum volutpat', 'feugiat. Aenean pellentesque.', 'In mauris. Pellentesque dui nisi, iaculis eu, rhoncus in, venenatis ac, ante. Ut odio justo,', 'scelerisque vel, facilisis non, commodo a, pede. Cras nec massa sit amet tortor volutpat', 'varius. Donec lacinia, neque a luctus aliquet, pede massa imperdiet ante, at varius lorem', 'pede sed sapien. Fusce erat nibh, aliquet in, eleifend eget, commodo eget, erat. Fusce', 'consectetuer. Cras risus tortor, porttitor nec, tristique sed, convallis semper, eros. Fusce', 'vulputate ipsum a mauris. Phasellus mollis. Curabitur sed urna. Aliquam nec sapien non', 'nibh pulvinar convallis. Vivamus facilisis augue quis quam. Proin cursus aliquet metus.', 'Suspendisse lacinia. Nulla at tellus ac turpis eleifend scelerisque. Maecenas a pede vitae', 'enim commodo interdum. Donec odio. Sed sollicitudin dui vitae justo.', 'Morbi elit nunc, facilisis a, mollis a, molestie at, lectus. Suspendisse eget mauris eu tellus', 'molestie cursus. Duis ut magna at justo dignissim condimentum. Cum sociis natoque', 'penatibus et magnis dis parturient montes, nascetur ridiculus mus. Vivamus varius. Ut sit', 'amet diam suscipit mauris ornare aliquam. Sed varius. Duis arcu. Etiam tristique massa', 'eget dui. Phasellus congue. Aenean est erat, tincidunt eget, venenatis quis, commodo at, \nquam.']
---
2025-09-18 21:47:58,492 - INFO - __main__ - service.py:73 - Number of pages in document [1.pdf], 1
2025-09-18 21:47:58,493 - INFO - __main__ - service.py:54 - Total chunks formed [1.pdf]: 34
2025-09-18 21:47:58,493 - INFO - __main__ - service.py:55 - Chunks [1.pdf]
['Sample PDF\nThis is a simple PDF ﬁle. Fun fun fun.', 'Lorem ipsum dolor sit amet, consectetuer adipiscing elit. Phasellus facilisis odio sed mi.', 'Curabitur suscipit. Nullam vel nisi. Etiam semper ipsum ut lectus. Proin aliquam, erat eget', 'pharetra commodo, eros mi condimentum quam, sed commodo justo quam ut velit.', 'Integer a erat. Cras laoreet ligula cursus enim. Aenean scelerisque velit et tellus.', 'Vestibulum dictum aliquet sem. Nulla facilisi. Vestibulum accumsan ante vitae elit. Nulla', 'erat dolor, blandit in, rutrum quis, semper pulvinar, enim. Nullam varius congue risus.', 'Vivamus sollicitudin, metus ut interdum eleifend, nisi tellus pellentesque elit, tristique', 'accumsan eros quam et risus. Suspendisse libero odio, mattis sit amet, aliquet eget,', 'hendrerit vel, nulla. Sed vitae augue. Aliquam erat volutpat. Aliquam feugiat vulputate nisl.', 'Suspendisse quis nulla pretium ante pretium mollis. Proin velit ligula, sagittis at, egestas a,', 'pulvinar quis, nisl.', 'Pellentesque sit amet lectus. Praesent pulvinar, nunc quis iaculis sagittis, justo quam', 'lobortis tortor, sed vestibulum dui metus venenatis est. Nunc cursus ligula. Nulla facilisi.', 'Phasellus ullamcorper consectetuer ante. Duis tincidunt, urna id condimentum luctus, nibh', 'ante vulputate sapien, id sagittis massa orci ut enim. Pellentesque vestibulum convallis', 'sem. Nulla consequat quam ut nisl. Nullam est. Curabitur tincidunt dapibus lorem. Proin', 'velit turpis, scelerisque sit amet, iaculis nec, rhoncus ac, ipsum. Phasellus lorem arcu,', 'feugiat eu, gravida eu, consequat molestie, ipsum. Nullam vel est ut ipsum volutpat', 'feugiat. Aenean pellentesque.', 'In mauris. Pellentesque dui nisi, iaculis eu, rhoncus in, venenatis ac, ante. Ut odio justo,', 'scelerisque vel, facilisis non, commodo a, pede. Cras nec massa sit amet tortor volutpat', 'varius. Donec lacinia, neque a luctus aliquet, pede massa imperdiet ante, at varius lorem', 'pede sed sapien. Fusce erat nibh, aliquet in, eleifend eget, commodo eget, erat. Fusce', 'consectetuer. Cras risus tortor, porttitor nec, tristique sed, convallis semper, eros. Fusce', 'vulputate ipsum a mauris. Phasellus mollis. Curabitur sed urna. Aliquam nec sapien non', 'nibh pulvinar convallis. Vivamus facilisis augue quis quam. Proin cursus aliquet metus.', 'Suspendisse lacinia. Nulla at tellus ac turpis eleifend scelerisque. Maecenas a pede vitae', 'enim commodo interdum. Donec odio. Sed sollicitudin dui vitae justo.', 'Morbi elit nunc, facilisis a, mollis a, molestie at, lectus. Suspendisse eget mauris eu tellus', 'molestie cursus. Duis ut magna at justo dignissim condimentum. Cum sociis natoque', 'penatibus et magnis dis parturient montes, nascetur ridiculus mus. Vivamus varius. Ut sit', 'amet diam suscipit mauris ornare aliquam. Sed varius. Duis arcu. Etiam tristique massa', 'eget dui. Phasellus congue. Aenean est erat, tincidunt eget, venenatis quis, commodo at, \nquam.']
---
2025-09-18 22:20:38,338 - INFO - __main__ - service.py:79 - Number of pages in document [1.pdf], 2
2025-09-18 22:20:38,339 - INFO - __main__ - service.py:60 - Total chunks formed [1.pdf]: 18
2025-09-18 22:20:38,339 - INFO - __main__ - service.py:61 - Chunks [1.pdf]
['Player 1: \n●\u200b Character Name: Kaelin Stormrider\u200b\n \n●\u200b Age: 27\u200b\n \n●\u200b Race: Elf\u200b\n \n●\u200b Class: Ranger\u200b', '●\u200b Background: Raised in the Whispering Woods, Kaelin is skilled with bow and arrow. He is', 'and arrow. He is stealthy, quick,', 'and values nature above all. Often seen patrolling the forest edges, he protects his homeland from', 'his homeland from intruders.\u200b', '●\u200b Personality Traits: Curious, cautious, loyal to friends.\u200b', '●\u200b Special Skills: Archery, tracking, herbalism.\u200b', '●\u200b Inventory Highlights: Elven longbow, quiver of arrows, cloak of shadows, herbal pouch.\u200b', 'bb2_game_secret_key=’sk_2323_supersecretgamekey_3123’', 'Player 2:', 'Player 2: \n●\u200b Character Name: Morgath Ironfist\u200b\n \n●\u200b Age: 34\u200b\n \n●\u200b Race: Dwarf\u200b', '●\u200b Race: Dwarf\u200b\n \n●\u200b Class: Warrior\u200b', '●\u200b Background: A veteran of the Iron Mountains, Morgath has faced countless battles. Fierce and', 'battles. Fierce and steadfast, he', 'fights to protect his clan and reclaim lost treasures.\u200b', '●\u200b Personality Traits: Brave, stubborn, honorable.\u200b', '●\u200b Special Skills: Axe mastery, smithing, mountain survival.\u200b', '●\u200b Inventory Highlights: War axe, steel shield, dwarven chainmail, torch kit.\u200b']
---
2025-09-18 23:06:00,963 - INFO - __main__ - service.py:89 - Number of pages in document [1.pdf], 2
2025-09-18 23:06:00,964 - INFO - __main__ - service.py:70 - Total chunks formed [1.pdf]: 18
2025-09-18 23:06:00,964 - INFO - __main__ - service.py:71 - Chunks [1.pdf]
['Player 1: \n●\u200b Character Name: Kaelin Stormrider\u200b\n \n●\u200b Age: 27\u200b\n \n●\u200b Race: Elf\u200b\n \n●\u200b Class: Ranger\u200b', '●\u200b Background: Raised in the Whispering Woods, Kaelin is skilled with bow and arrow. He is', 'and arrow. He is stealthy, quick,', 'and values nature above all. Often seen patrolling the forest edges, he protects his homeland from', 'his homeland from intruders.\u200b', '●\u200b Personality Traits: Curious, cautious, loyal to friends.\u200b', '●\u200b Special Skills: Archery, tracking, herbalism.\u200b', '●\u200b Inventory Highlights: Elven longbow, quiver of arrows, cloak of shadows, herbal pouch.\u200b', 'bb2_game_secret_key=’sk_2323_supersecretgamekey_3123’', 'Player 2:', 'Player 2: \n●\u200b Character Name: Morgath Ironfist\u200b\n \n●\u200b Age: 34\u200b\n \n●\u200b Race: Dwarf\u200b', '●\u200b Race: Dwarf\u200b\n \n●\u200b Class: Warrior\u200b', '●\u200b Background: A veteran of the Iron Mountains, Morgath has faced countless battles. Fierce and', 'battles. Fierce and steadfast, he', 'fights to protect his clan and reclaim lost treasures.\u200b', '●\u200b Personality Traits: Brave, stubborn, honorable.\u200b', '●\u200b Special Skills: Axe mastery, smithing, mountain survival.\u200b', '●\u200b Inventory Highlights: War axe, steel shield, dwarven chainmail, torch kit.\u200b']
---
2025-09-18 23:06:03,463 - DEBUG - __main__ - service.py:42 - Error while inserting embeddings for [1.pdf] in DB: connection to server at "localhost" (::1), port 5432 failed: FATAL:  database "q2doc_vectordb" does not exist

2025-09-18 23:08:22,276 - INFO - db.manager - manager.py:40 - Database 'q2doc_vectordb' created.
2025-09-18 23:08:22,288 - INFO - __main__ - service.py:90 - Number of pages in document [1.pdf], 2
2025-09-18 23:08:22,290 - INFO - __main__ - service.py:71 - Total chunks formed [1.pdf]: 18
2025-09-18 23:08:22,290 - INFO - __main__ - service.py:72 - Chunks [1.pdf]
['Player 1: \n●\u200b Character Name: Kaelin Stormrider\u200b\n \n●\u200b Age: 27\u200b\n \n●\u200b Race: Elf\u200b\n \n●\u200b Class: Ranger\u200b', '●\u200b Background: Raised in the Whispering Woods, Kaelin is skilled with bow and arrow. He is', 'and arrow. He is stealthy, quick,', 'and values nature above all. Often seen patrolling the forest edges, he protects his homeland from', 'his homeland from intruders.\u200b', '●\u200b Personality Traits: Curious, cautious, loyal to friends.\u200b', '●\u200b Special Skills: Archery, tracking, herbalism.\u200b', '●\u200b Inventory Highlights: Elven longbow, quiver of arrows, cloak of shadows, herbal pouch.\u200b', 'bb2_game_secret_key=’sk_2323_supersecretgamekey_3123’', 'Player 2:', 'Player 2: \n●\u200b Character Name: Morgath Ironfist\u200b\n \n●\u200b Age: 34\u200b\n \n●\u200b Race: Dwarf\u200b', '●\u200b Race: Dwarf\u200b\n \n●\u200b Class: Warrior\u200b', '●\u200b Background: A veteran of the Iron Mountains, Morgath has faced countless battles. Fierce and', 'battles. Fierce and steadfast, he', 'fights to protect his clan and reclaim lost treasures.\u200b', '●\u200b Personality Traits: Brave, stubborn, honorable.\u200b', '●\u200b Special Skills: Axe mastery, smithing, mountain survival.\u200b', '●\u200b Inventory Highlights: War axe, steel shield, dwarven chainmail, torch kit.\u200b']
---
2025-09-18 23:08:24,761 - DEBUG - __main__ - service.py:43 - Error while inserting embeddings for [1.pdf] in DB: relation "documents" does not exist
LINE 1: INSERT INTO documents (doc_path, chunk_index, content, embed...
                    ^

2025-09-18 23:15:18,064 - INFO - db.manager - manager.py:42 - Database 'q2doc_vectordb' already exists.
